2026-05-15 12:56:31 [INFO] Args: csv=/Users/dkduy/VKU/HK8/ChuyenDe4/final/all_reviews_cleaned.csv quick=True skip_transformer=True
2026-05-15 12:56:31 [INFO] [start] load + split
2026-05-15 12:56:31 [INFO] rows: total=5000 train=3000 val=1000 test=1000
2026-05-15 12:56:31 [INFO] [done]  load + split (0.64s)
2026-05-15 12:56:32 [INFO] [start] train baseline (TF-IDF + LogReg)
2026-05-15 12:56:32 [INFO] [done]  train baseline (TF-IDF + LogReg) (0.59s)
2026-05-15 12:56:32 [INFO] [start] evaluate baseline
2026-05-15 12:56:33 [INFO] baseline test: acc=0.8170 macro_f1=0.7829
2026-05-15 12:56:33 [INFO] [done]  evaluate baseline (0.60s)
2026-05-15 12:56:33 [INFO] Skipping transformer training (--skip-transformer).
2026-05-15 12:56:33 [INFO] [start] save NSS + wordclouds + topics
2026-05-15 12:56:39 [INFO] [done]  save NSS + wordclouds + topics (6.01s)
2026-05-15 12:56:39 [INFO] Results saved → /Users/dkduy/VKU/HK8/ChuyenDe4/final/artifacts/reports/results.json
2026-05-15 12:56:56 [INFO] Args: csv=/Users/dkduy/VKU/HK8/ChuyenDe4/final/all_reviews_cleaned.csv quick=False skip_transformer=False
2026-05-15 12:56:56 [INFO] [start] load + split
2026-05-15 12:56:58 [INFO] rows: total=20782 train=12469 val=4157 test=4156
2026-05-15 12:56:58 [INFO] [done]  load + split (2.18s)
2026-05-15 12:56:58 [INFO] [start] train baseline (TF-IDF + LogReg)
2026-05-15 12:57:01 [INFO] [done]  train baseline (TF-IDF + LogReg) (2.98s)
2026-05-15 12:57:01 [INFO] [start] evaluate baseline
2026-05-15 12:57:02 [INFO] baseline test: acc=0.8313 macro_f1=0.8015
2026-05-15 12:57:02 [INFO] [done]  evaluate baseline (0.93s)
2026-05-15 12:57:02 [INFO] [start] train transformer (DistilBERT, epochs=3.0)
2026-05-15 12:57:15 [INFO] [done]  train transformer (DistilBERT, epochs=3.0) (13.03s)
2026-05-15 12:57:48 [INFO] Args: csv=/Users/dkduy/VKU/HK8/ChuyenDe4/final/all_reviews_cleaned.csv quick=False skip_transformer=False
2026-05-15 12:57:48 [INFO] [start] load + split
2026-05-15 12:57:50 [INFO] rows: total=20782 train=12469 val=4157 test=4156
2026-05-15 12:57:50 [INFO] [done]  load + split (2.18s)
2026-05-15 12:57:50 [INFO] [start] train baseline (TF-IDF + LogReg)
2026-05-15 12:57:54 [INFO] [done]  train baseline (TF-IDF + LogReg) (3.09s)
2026-05-15 12:57:54 [INFO] [start] evaluate baseline
2026-05-15 12:57:55 [INFO] baseline test: acc=0.8313 macro_f1=0.8015
2026-05-15 12:57:55 [INFO] [done]  evaluate baseline (0.95s)
2026-05-15 12:57:55 [INFO] [start] train transformer (DistilBERT, epochs=3.0)
